d:\training\trunk\programming\trainingframework\debug-angle\vc142.pdb
d:\training\trunk\programming\trainingframework\debug-angle\vc142.idb
d:\training\trunk\programming\trainingframework\debug-angle\application.obj
d:\training\trunk\programming\trainingframework\debug-angle\resourcemanagers.obj
d:\training\trunk\programming\trainingframework\debug-angle\font.obj
d:\training\trunk\programming\trainingframework\debug-angle\gamebutton.obj
d:\training\trunk\programming\trainingframework\debug-angle\sprite2d.obj
d:\training\trunk\programming\trainingframework\debug-angle\camera.obj
d:\training\trunk\programming\trainingframework\debug-angle\sprite3d.obj
d:\training\trunk\programming\trainingframework\debug-angle\models.obj
d:\training\trunk\programming\trainingframework\debug-angle\shaders.obj
d:\training\trunk\programming\trainingframework\debug-angle\text.obj
d:\training\trunk\programming\trainingframework\debug-angle\texture.obj
d:\training\trunk\programming\trainingframework\debug-angle\gamestatebase.obj
d:\training\trunk\programming\trainingframework\debug-angle\gamestatemachine.obj
d:\training\trunk\programming\trainingframework\debug-angle\gsintro.obj
d:\training\trunk\programming\trainingframework\debug-angle\gsmenu.obj
d:\training\trunk\programming\trainingframework\debug-angle\gsplay.obj
d:\training\trunk\programming\trainingframework\debug-angle\trainingframework.obj
d:\training\trunk\programming\bin-angle\trainingframework.exe
d:\training\trunk\programming\bin-angle\trainingframework.ilk
d:\training\trunk\programming\bin-angle\trainingframework.pdb
d:\training\trunk\programming\\bin-angle\trainingframework.pdb
d:\training\trunk\programming\\bin-angle\trainingframework.exe
d:\training\trunk\programming\\bin-angle\trainingframework.ilk
d:\training\trunk\programming\trainingframework\debug-angle\training.fc024ec8.tlog\cl.command.1.tlog
d:\training\trunk\programming\trainingframework\debug-angle\training.fc024ec8.tlog\cl.read.1.tlog
d:\training\trunk\programming\trainingframework\debug-angle\training.fc024ec8.tlog\cl.write.1.tlog
d:\training\trunk\programming\trainingframework\debug-angle\training.fc024ec8.tlog\link.6492.delete.1.tlog
d:\training\trunk\programming\trainingframework\debug-angle\training.fc024ec8.tlog\link.command.1.tlog
d:\training\trunk\programming\trainingframework\debug-angle\training.fc024ec8.tlog\link.read.1.tlog
d:\training\trunk\programming\trainingframework\debug-angle\training.fc024ec8.tlog\link.write.1.tlog
