  cl : Command line warning D9035 : option 'Gm' has been deprecated and will be removed in a future release
  TrainingFramework.cpp
  GSPlay.cpp
D:\Downloads\Programming_lesson_06\TrainingFramework\src\GameStates\GSPlay.cpp(34,60): warning C4244:  'argument': conversion from 'int' to 'GLfloat', possible loss of data
D:\Downloads\Programming_lesson_06\TrainingFramework\src\GameStates\GSPlay.cpp(34,42): warning C4244:  'argument': conversion from 'int' to 'GLfloat', possible loss of data
D:\Visual Studio\VC\Tools\MSVC\14.21.27702\include\memory(1527,71): warning C4244:  'argument': conversion from '_Ty' to 'float', possible loss of data
D:\Visual Studio\VC\Tools\MSVC\14.21.27702\include\memory(1527,71): warning C4244:         with
D:\Visual Studio\VC\Tools\MSVC\14.21.27702\include\memory(1527,71): warning C4244:         [
D:\Visual Studio\VC\Tools\MSVC\14.21.27702\include\memory(1527,71): warning C4244:             _Ty=double
D:\Visual Studio\VC\Tools\MSVC\14.21.27702\include\memory(1527,71): warning C4244:         ]
D:\Visual Studio\VC\Tools\MSVC\14.21.27702\include\memory(1582): message :  see reference to function template instantiation 'std::_Ref_count_obj<_Ty>::_Ref_count_obj<std::shared_ptr<Shaders>&,std::shared_ptr<Font>&,const char(&)[10],TEXT_COLOR,double>(std::shared_ptr<Shaders> &,std::shared_ptr<Font> &,const char (&)[10],TEXT_COLOR &&,double &&)' being compiled
D:\Visual Studio\VC\Tools\MSVC\14.21.27702\include\memory(1582): message :         with
D:\Visual Studio\VC\Tools\MSVC\14.21.27702\include\memory(1582): message :         [
D:\Visual Studio\VC\Tools\MSVC\14.21.27702\include\memory(1582): message :             _Ty=Text
D:\Visual Studio\VC\Tools\MSVC\14.21.27702\include\memory(1582): message :         ]
D:\Visual Studio\VC\Tools\MSVC\14.21.27702\include\memory(1582): message :  see reference to function template instantiation 'std::_Ref_count_obj<_Ty>::_Ref_count_obj<std::shared_ptr<Shaders>&,std::shared_ptr<Font>&,const char(&)[10],TEXT_COLOR,double>(std::shared_ptr<Shaders> &,std::shared_ptr<Font> &,const char (&)[10],TEXT_COLOR &&,double &&)' being compiled
D:\Visual Studio\VC\Tools\MSVC\14.21.27702\include\memory(1582): message :         with
D:\Visual Studio\VC\Tools\MSVC\14.21.27702\include\memory(1582): message :         [
D:\Visual Studio\VC\Tools\MSVC\14.21.27702\include\memory(1582): message :             _Ty=Text
D:\Visual Studio\VC\Tools\MSVC\14.21.27702\include\memory(1582): message :         ]
  GSMenu.cpp
D:\Downloads\Programming_lesson_06\TrainingFramework\src\GameStates\GSPlay.cpp(41): message :  see reference to function template instantiation 'std::shared_ptr<Text> std::make_shared<Text,std::shared_ptr<Shaders>&,std::shared_ptr<Font>&,const char(&)[10],TEXT_COLOR,double>(std::shared_ptr<Shaders> &,std::shared_ptr<Font> &,const char (&)[10],TEXT_COLOR &&,double &&)' being compiled
D:\Downloads\Programming_lesson_06\TrainingFramework\src\GameStates\GSMenu.cpp(26,60): warning C4244:  'argument': conversion from 'int' to 'GLfloat', possible loss of data
D:\Downloads\Programming_lesson_06\TrainingFramework\src\GameStates\GSMenu.cpp(26,42): warning C4244:  'argument': conversion from 'int' to 'GLfloat', possible loss of data
D:\Downloads\Programming_lesson_06\TrainingFramework\src\GameStates\GSMenu.cpp(32,36): warning C4244:  'argument': conversion from 'int' to 'GLfloat', possible loss of data
D:\Downloads\Programming_lesson_06\TrainingFramework\src\GameStates\GSMenu.cpp(42,36): warning C4244:  'argument': conversion from 'int' to 'GLfloat', possible loss of data
D:\Downloads\Programming_lesson_06\TrainingFramework\src\GameStates\GSMenu.cpp(54,57): warning C4244:  'argument': conversion from 'int' to 'GLfloat', possible loss of data
D:\Visual Studio\VC\Tools\MSVC\14.21.27702\include\memory(1527,71): warning C4244:  'argument': conversion from '_Ty' to 'float', possible loss of data
D:\Visual Studio\VC\Tools\MSVC\14.21.27702\include\memory(1527,71): warning C4244:         with
D:\Visual Studio\VC\Tools\MSVC\14.21.27702\include\memory(1527,71): warning C4244:         [
D:\Visual Studio\VC\Tools\MSVC\14.21.27702\include\memory(1527,71): warning C4244:             _Ty=double
D:\Visual Studio\VC\Tools\MSVC\14.21.27702\include\memory(1527,71): warning C4244:         ]
D:\Visual Studio\VC\Tools\MSVC\14.21.27702\include\memory(1582): message :  see reference to function template instantiation 'std::_Ref_count_obj<_Ty>::_Ref_count_obj<std::shared_ptr<Shaders>&,std::shared_ptr<Font>&,const char(&)[12],TEXT_COLOR,double>(std::shared_ptr<Shaders> &,std::shared_ptr<Font> &,const char (&)[12],TEXT_COLOR &&,double &&)' being compiled
D:\Visual Studio\VC\Tools\MSVC\14.21.27702\include\memory(1582): message :         with
D:\Visual Studio\VC\Tools\MSVC\14.21.27702\include\memory(1582): message :         [
D:\Visual Studio\VC\Tools\MSVC\14.21.27702\include\memory(1582): message :             _Ty=Text
D:\Visual Studio\VC\Tools\MSVC\14.21.27702\include\memory(1582): message :         ]
D:\Visual Studio\VC\Tools\MSVC\14.21.27702\include\memory(1582): message :  see reference to function template instantiation 'std::_Ref_count_obj<_Ty>::_Ref_count_obj<std::shared_ptr<Shaders>&,std::shared_ptr<Font>&,const char(&)[12],TEXT_COLOR,double>(std::shared_ptr<Shaders> &,std::shared_ptr<Font> &,const char (&)[12],TEXT_COLOR &&,double &&)' being compiled
D:\Visual Studio\VC\Tools\MSVC\14.21.27702\include\memory(1582): message :         with
D:\Visual Studio\VC\Tools\MSVC\14.21.27702\include\memory(1582): message :         [
D:\Visual Studio\VC\Tools\MSVC\14.21.27702\include\memory(1582): message :             _Ty=Text
D:\Visual Studio\VC\Tools\MSVC\14.21.27702\include\memory(1582): message :         ]
  GSIntro.cpp
D:\Downloads\Programming_lesson_06\TrainingFramework\src\GameStates\GSMenu.cpp(53): message :  see reference to function template instantiation 'std::shared_ptr<Text> std::make_shared<Text,std::shared_ptr<Shaders>&,std::shared_ptr<Font>&,const char(&)[12],TEXT_COLOR,double>(std::shared_ptr<Shaders> &,std::shared_ptr<Font> &,const char (&)[12],TEXT_COLOR &&,double &&)' being compiled
D:\Downloads\Programming_lesson_06\TrainingFramework\src\GameStates\GSIntro.cpp(26,54): warning C4244:  'argument': conversion from 'int' to 'GLfloat', possible loss of data
  GameStateMachine.cpp
  GameStatebase.cpp
  Texture.cpp
  Text.cpp
D:\Downloads\Programming_lesson_06\TrainingFramework\src\GameStates\GSIntro.cpp(26,36): warning C4244:  'argument': conversion from 'int' to 'GLfloat', possible loss of data
D:\Downloads\Programming_lesson_06\TrainingFramework\src\GameObject\Text.cpp(24,11): warning C4244:  'initializing': conversion from 'double' to 'float', possible loss of data
D:\Downloads\Programming_lesson_06\TrainingFramework\src\GameObject\Text.cpp(25,11): warning C4244:  'initializing': conversion from 'double' to 'float', possible loss of data
D:\Downloads\Programming_lesson_06\TrainingFramework\src\GameObject\Text.cpp(171,11): warning C4244:  'initializing': conversion from 'double' to 'float', possible loss of data
D:\Downloads\Programming_lesson_06\TrainingFramework\src\GameObject\Text.cpp(172,11): warning C4244:  'initializing': conversion from 'double' to 'float', possible loss of data
D:\Downloads\Programming_lesson_06\TrainingFramework\src\GameObject\Text.cpp(182,11): warning C4244:  'initializing': conversion from 'double' to 'float', possible loss of data
  Shaders.cpp
D:\Downloads\Programming_lesson_06\TrainingFramework\src\GameObject\Text.cpp(183,11): warning C4244:  'initializing': conversion from 'double' to 'float', possible loss of data
D:\Downloads\Programming_lesson_06\TrainingFramework\src\GameObject\Shaders.cpp(21,2): warning C4477:  'printf' : format string '%s' requires an argument of type 'char *', but variadic argument 1 has type 'const std::string'
D:\Downloads\Programming_lesson_06\TrainingFramework\src\GameObject\Shaders.cpp(21,2): warning C4477:  'printf' : format string '%s' requires an argument of type 'char *', but variadic argument 2 has type 'const std::string'
D:\Downloads\Programming_lesson_06\TrainingFramework\src\GameObject\Shaders.cpp(25,3): warning C4477:  'printf' : format string '%s' requires an argument of type 'char *', but variadic argument 1 has type 'const std::string'
D:\Downloads\Programming_lesson_06\TrainingFramework\src\GameObject\Shaders.cpp(32,3): warning C4477:  'printf' : format string '%s' requires an argument of type 'char *', but variadic argument 1 has type 'const std::string'
D:\Downloads\Programming_lesson_06\TrainingFramework\src\GameObject\Shaders.cpp(44,2): warning C4477:  'printf' : format string '%s' requires an argument of type 'char *', but variadic argument 1 has type 'const std::string'
  Models.cpp
D:\Downloads\Programming_lesson_06\TrainingFramework\src\GameObject\Shaders.cpp(44,2): warning C4477:  'printf' : format string '%s' requires an argument of type 'char *', but variadic argument 2 has type 'const std::string'
D:\Downloads\Programming_lesson_06\TrainingFramework\src\GameObject\Models.cpp(10,3): warning C4477:  'printf' : format string '%s' requires an argument of type 'char *', but variadic argument 1 has type 'const std::string'
D:\Downloads\Programming_lesson_06\TrainingFramework\src\GameObject\Models.cpp(13,2): warning C4477:  'printf' : format string '%s' requires an argument of type 'char *', but variadic argument 1 has type 'const std::string'
D:\Downloads\Programming_lesson_06\TrainingFramework\src\GameObject\Models.cpp(25,18): warning C4244:  'initializing': conversion from 'std::streamoff' to 'size_t', possible loss of data
D:\Downloads\Programming_lesson_06\TrainingFramework\src\GameObject\Models.cpp(35,1): warning C4996:  'sscanf': This function or variable may be unsafe. Consider using sscanf_s instead. To disable deprecation, use _CRT_SECURE_NO_WARNINGS. See online help for details.
C:\Program Files (x86)\Windows Kits\10\Include\10.0.17763.0\ucrt\stdio.h(2263): message :  see declaration of 'sscanf'
D:\Downloads\Programming_lesson_06\TrainingFramework\src\GameObject\Models.cpp(40,1): warning C4996:  'sscanf': This function or variable may be unsafe. Consider using sscanf_s instead. To disable deprecation, use _CRT_SECURE_NO_WARNINGS. See online help for details.
C:\Program Files (x86)\Windows Kits\10\Include\10.0.17763.0\ucrt\stdio.h(2263): message :  see declaration of 'sscanf'
D:\Downloads\Programming_lesson_06\TrainingFramework\src\GameObject\Models.cpp(62,1): warning C4996:  'sscanf': This function or variable may be unsafe. Consider using sscanf_s instead. To disable deprecation, use _CRT_SECURE_NO_WARNINGS. See online help for details.
C:\Program Files (x86)\Windows Kits\10\Include\10.0.17763.0\ucrt\stdio.h(2263): message :  see declaration of 'sscanf'
D:\Downloads\Programming_lesson_06\TrainingFramework\src\GameObject\Models.cpp(68,1): warning C4996:  'sscanf': This function or variable may be unsafe. Consider using sscanf_s instead. To disable deprecation, use _CRT_SECURE_NO_WARNINGS. See online help for details.
  Sprite3D.cpp
  Camera.cpp
  Sprite2D.cpp
C:\Program Files (x86)\Windows Kits\10\Include\10.0.17763.0\ucrt\stdio.h(2263): message :  see declaration of 'sscanf'
D:\Downloads\Programming_lesson_06\TrainingFramework\src\GameObject\Sprite2D.cpp(143,11): warning C4244:  'initializing': conversion from 'double' to 'float', possible loss of data
D:\Downloads\Programming_lesson_06\TrainingFramework\src\GameObject\Sprite2D.cpp(144,11): warning C4244:  'initializing': conversion from 'double' to 'float', possible loss of data
D:\Downloads\Programming_lesson_06\TrainingFramework\src\GameObject\Sprite2D.cpp(154,11): warning C4244:  'initializing': conversion from 'double' to 'float', possible loss of data
  GameButton.cpp
  Font.cpp
  ResourceManagers.cpp
  Application.cpp
  Generating Code...
D:\Downloads\Programming_lesson_06\TrainingFramework\src\GameObject\Sprite2D.cpp(155,11): warning C4244:  'initializing': conversion from 'double' to 'float', possible loss of data
Application.obj : warning LNK4075: ignoring '/EDITANDCONTINUE' due to '/SAFESEH' specification
LINK : warning LNK4098: defaultlib 'LIBCMTD' conflicts with use of other libs; use /NODEFAULTLIB:library
  TrainingFramework.vcxproj -> D:\Downloads\Programming_lesson_06\\BIN-AMD\TrainingFramework.exe
