D:\Visual Studio\MSBuild\Microsoft\VC\v160\Microsoft.CppBuild.targets(452,5): warning MSB8028: The intermediate directory (Debug-Nvidia\) contains files shared from another project (TrainingFramework.vcxproj).  This can lead to incorrect clean and rebuild behavior.
  cl : Command line warning D9035 : option 'Gm' has been deprecated and will be removed in a future release
  GSPlay.cpp
D:\Gameloft Documents\InvertedParadox\TrainingFramework\src\GameStates\GSPlay.cpp(52,29): warning C4244:  'argument': conversion from 'int' to 'GLfloat', possible loss of data
D:\Gameloft Documents\InvertedParadox\TrainingFramework\src\GameStates\GSPlay.cpp(59,27): warning C4244:  'argument': conversion from 'int' to 'GLfloat', possible loss of data
D:\Gameloft Documents\InvertedParadox\TrainingFramework\src\GameStates\GSPlay.cpp(67,24): warning C4244:  'argument': conversion from 'int' to 'GLfloat', possible loss of data
D:\Gameloft Documents\InvertedParadox\TrainingFramework\src\GameStates\GSPlay.cpp(78,24): warning C4244:  'argument': conversion from 'int' to 'GLfloat', possible loss of data
D:\Gameloft Documents\InvertedParadox\TrainingFramework\src\GameStates\GSPlay.cpp(89,24): warning C4244:  'argument': conversion from 'int' to 'GLfloat', possible loss of data
  Player.cpp
  Camera.cpp
  Generating Code...
  Compiling...
  TrainingFramework.cpp
  GameStatebase.cpp
  GameStateMachine.cpp
  GSMenu.cpp
  GSIntro.cpp
  Texture.cpp
D:\Gameloft Documents\InvertedParadox\TrainingFramework\src\GameStates\GSPlay.cpp(100,24): warning C4244:  'argument': conversion from 'int' to 'GLfloat', possible loss of data
D:\Gameloft Documents\InvertedParadox\TrainingFramework\src\GameObject\Texture.cpp(26,29): warning C4244:  'argument': conversion from 'GLint' to 'GLfloat', possible loss of data
  Text.cpp
D:\Gameloft Documents\InvertedParadox\TrainingFramework\src\GameObject\Texture.cpp(26,26): warning C4244:  'argument': conversion from 'GLint' to 'GLfloat', possible loss of data
D:\Gameloft Documents\InvertedParadox\TrainingFramework\src\GameObject\Text.cpp(24,11): warning C4244:  'initializing': conversion from 'double' to 'float', possible loss of data
D:\Gameloft Documents\InvertedParadox\TrainingFramework\src\GameObject\Text.cpp(25,11): warning C4244:  'initializing': conversion from 'double' to 'float', possible loss of data
D:\Gameloft Documents\InvertedParadox\TrainingFramework\src\GameObject\Text.cpp(171,11): warning C4244:  'initializing': conversion from 'double' to 'float', possible loss of data
D:\Gameloft Documents\InvertedParadox\TrainingFramework\src\GameObject\Text.cpp(172,11): warning C4244:  'initializing': conversion from 'double' to 'float', possible loss of data
D:\Gameloft Documents\InvertedParadox\TrainingFramework\src\GameObject\Text.cpp(182,11): warning C4244:  'initializing': conversion from 'double' to 'float', possible loss of data
  Sprite3D.cpp
  Sprite2D.cpp
D:\Gameloft Documents\InvertedParadox\TrainingFramework\src\GameObject\Text.cpp(183,11): warning C4244:  'initializing': conversion from 'double' to 'float', possible loss of data
D:\Gameloft Documents\InvertedParadox\TrainingFramework\src\GameObject\Sprite2D.cpp(147,11): warning C4244:  'initializing': conversion from 'double' to 'float', possible loss of data
D:\Gameloft Documents\InvertedParadox\TrainingFramework\src\GameObject\Sprite2D.cpp(148,11): warning C4244:  'initializing': conversion from 'double' to 'float', possible loss of data
D:\Gameloft Documents\InvertedParadox\TrainingFramework\src\GameObject\Sprite2D.cpp(158,11): warning C4244:  'initializing': conversion from 'double' to 'float', possible loss of data
D:\Gameloft Documents\InvertedParadox\TrainingFramework\src\GameObject\Sprite2D.cpp(159,11): warning C4244:  'initializing': conversion from 'double' to 'float', possible loss of data
D:\Gameloft Documents\InvertedParadox\TrainingFramework\src\GameObject\Sprite2D.cpp(173,15): warning C4244:  '=': conversion from 'GLint' to 'GLfloat', possible loss of data
  Shaders.cpp
D:\Gameloft Documents\InvertedParadox\TrainingFramework\src\GameObject\Sprite2D.cpp(174,15): warning C4244:  '=': conversion from 'GLint' to 'GLfloat', possible loss of data
D:\Gameloft Documents\InvertedParadox\TrainingFramework\src\GameObject\Shaders.cpp(21,2): warning C4477:  'printf' : format string '%s' requires an argument of type 'char *', but variadic argument 1 has type 'const std::string'
D:\Gameloft Documents\InvertedParadox\TrainingFramework\src\GameObject\Shaders.cpp(21,2): warning C4477:  'printf' : format string '%s' requires an argument of type 'char *', but variadic argument 2 has type 'const std::string'
D:\Gameloft Documents\InvertedParadox\TrainingFramework\src\GameObject\Shaders.cpp(25,3): warning C4477:  'printf' : format string '%s' requires an argument of type 'char *', but variadic argument 1 has type 'const std::string'
D:\Gameloft Documents\InvertedParadox\TrainingFramework\src\GameObject\Shaders.cpp(32,3): warning C4477:  'printf' : format string '%s' requires an argument of type 'char *', but variadic argument 1 has type 'const std::string'
D:\Gameloft Documents\InvertedParadox\TrainingFramework\src\GameObject\Shaders.cpp(44,2): warning C4477:  'printf' : format string '%s' requires an argument of type 'char *', but variadic argument 1 has type 'const std::string'
  Models.cpp
D:\Gameloft Documents\InvertedParadox\TrainingFramework\src\GameObject\Shaders.cpp(44,2): warning C4477:  'printf' : format string '%s' requires an argument of type 'char *', but variadic argument 2 has type 'const std::string'
D:\Gameloft Documents\InvertedParadox\TrainingFramework\src\GameObject\Models.cpp(10,3): warning C4477:  'printf' : format string '%s' requires an argument of type 'char *', but variadic argument 1 has type 'const std::string'
D:\Gameloft Documents\InvertedParadox\TrainingFramework\src\GameObject\Models.cpp(13,2): warning C4477:  'printf' : format string '%s' requires an argument of type 'char *', but variadic argument 1 has type 'const std::string'
D:\Gameloft Documents\InvertedParadox\TrainingFramework\src\GameObject\Models.cpp(25,18): warning C4244:  'initializing': conversion from 'std::streamoff' to 'size_t', possible loss of data
D:\Gameloft Documents\InvertedParadox\TrainingFramework\src\GameObject\Models.cpp(35,1): warning C4996:  'sscanf': This function or variable may be unsafe. Consider using sscanf_s instead. To disable deprecation, use _CRT_SECURE_NO_WARNINGS. See online help for details.
C:\Program Files (x86)\Windows Kits\10\Include\10.0.17763.0\ucrt\stdio.h(2263): message :  see declaration of 'sscanf'
D:\Gameloft Documents\InvertedParadox\TrainingFramework\src\GameObject\Models.cpp(40,1): warning C4996:  'sscanf': This function or variable may be unsafe. Consider using sscanf_s instead. To disable deprecation, use _CRT_SECURE_NO_WARNINGS. See online help for details.
C:\Program Files (x86)\Windows Kits\10\Include\10.0.17763.0\ucrt\stdio.h(2263): message :  see declaration of 'sscanf'
D:\Gameloft Documents\InvertedParadox\TrainingFramework\src\GameObject\Models.cpp(62,1): warning C4996:  'sscanf': This function or variable may be unsafe. Consider using sscanf_s instead. To disable deprecation, use _CRT_SECURE_NO_WARNINGS. See online help for details.
C:\Program Files (x86)\Windows Kits\10\Include\10.0.17763.0\ucrt\stdio.h(2263): message :  see declaration of 'sscanf'
D:\Gameloft Documents\InvertedParadox\TrainingFramework\src\GameObject\Models.cpp(68,1): warning C4996:  'sscanf': This function or variable may be unsafe. Consider using sscanf_s instead. To disable deprecation, use _CRT_SECURE_NO_WARNINGS. See online help for details.
  GameButton.cpp
  Font.cpp
  Enemy.cpp
  SoundManager.cpp
  ResourceManagers.cpp
  Application.cpp
  Generating Code...
C:\Program Files (x86)\Windows Kits\10\Include\10.0.17763.0\ucrt\stdio.h(2263): message :  see declaration of 'sscanf'
  TrainingFramework.vcxproj -> D:\Gameloft Documents\InvertedParadox\\BIN-Nvidia\InvertedParadox.exe
